<?xml version="1.0" encoding="UTF-8"?>
<testsuite xmlns:xsi="http://www.w3.org/2001/XMLSchema-instance" xsi:noNamespaceSchemaLocation="https://maven.apache.org/surefire/maven-surefire-plugin/xsd/surefire-test-report-3.0.xsd" version="3.0" name="MethodsTest" time="0.003" tests="4" errors="0" skipped="0" failures="0">
  <properties>
[...]
</properties>
  <testcase name="getSoundTest" classname="MethodsTest" time="0.0"/>
  <testcase name="getFamilyTest" classname="MethodsTest" time="0.0"/>
  <testcase name="animalMethodsTest" classname="MethodsTest" time="0.0"/>
  <testcase name="catMethodsTest" classname="MethodsTest" time="0.0"/>
</testsuite>